2011/9/8 13:54:11==www.bw4c.cm
2011/9/8 13:54:16==www.mda8.cm
2011/9/8 13:54:21==www.ws67.cm
2011/9/8 13:54:26==www.pxzw.cm
2011/9/8 13:54:32==www.0egt.cm
2011/9/8 13:54:36==www.bt2q.cm
2011/9/8 13:54:41==www.4yvg.cm
2011/9/8 13:54:46==www.efdp.cm
2011/9/8 13:54:51==www.7h93.cm
2011/9/8 13:55:34==www.t3fc.cm
2011/9/8 13:55:39==www.l8a2.cm
2011/9/8 13:55:44==www.wosy.cm
2011/9/8 13:55:49==www.otmc.cm
2011/9/8 13:55:54==www.z96l.cm
2011/9/8 13:55:59==www.bpif.cm
2011/9/8 13:56:04==www.3ug8.cm
2011/9/8 13:56:09==www.ea25.cm
2011/9/8 13:56:14==www.oql3.cm
2011/9/8 13:56:19==www.hvfr.cm
2011/9/8 13:56:24==www.rbyp.cm
2011/9/8 13:56:29==www.3rhm.cm
2011/9/8 13:56:34==www.vwbc.cm
2011/9/8 13:56:39==www.6cu9.cm
2011/9/8 13:56:44==www.yhoz.cm
2011/9/8 13:56:49==www.9x8v.cm
2011/9/8 13:56:54==www.hdqs.cm
2011/9/8 13:56:59==www.diln.cm
2011/9/8 13:57:04==www.ny4f.cm
2011/9/8 13:57:09==www.yend.cm
2011/9/8 13:57:14==www.qgh3.cm
2011/9/8 13:57:19==www.2z0d.cm
2011/9/8 13:57:24==www.u5py.cm
2011/9/8 13:57:30==www.5hdm.cm
2011/9/8 13:57:34==www.g0w4.cm
2011/9/8 13:57:39==www.86q9.cm
